Wed Jan 29 23:33:36 CET 2025 : Apache Derby Network Server - 10.14.2.0 - (1828579) started and ready to accept connections on port 1527
----------------------------------------------------------------
Wed Jan 29 23:33:37 CET 2025:
Booting Derby version The Apache Software Foundation - Apache Derby - 10.14.2.0 - (1828579): instance a816c00e-0194-b432-d088-ffff992e9aae 
on database directory C:\Users\piter\Desktop\Git_repos\Sudoku\DB\sample with class loader jdk.internal.loader.ClassLoaders$AppClassLoader@33909752 
Loaded from file:/C:/Users/piter/Desktop/Git_repos/Sudoku/db-derby-10.14.2.0-bin/lib/derby.jar
java.vendor=Oracle Corporation
java.runtime.version=21.0.4+8-LTS-274
user.dir=C:\Users\piter\Desktop\Git_repos\Sudoku\db-derby-10.14.2.0-bin
os.name=Windows 11
os.arch=amd64
os.version=10.0
derby.system.home=C:\Users\piter\Desktop\Git_repos\Sudoku\DB
Database Class Loader started - derby.database.classpath=''
----------------------------------------------------------------
Wed Jan 29 23:34:57 CET 2025:
Booting Derby version The Apache Software Foundation - Apache Derby - 10.14.2.0 - (1828579): instance e0b94027-0194-b432-d088-ffff992e9aae 
on database directory C:\Users\piter\Desktop\Git_repos\Sudoku\DB\Sudoku with class loader jdk.internal.loader.ClassLoaders$AppClassLoader@33909752 
Loaded from file:/C:/Users/piter/Desktop/Git_repos/Sudoku/db-derby-10.14.2.0-bin/lib/derby.jar
java.vendor=Oracle Corporation
java.runtime.version=21.0.4+8-LTS-274
user.dir=C:\Users\piter\Desktop\Git_repos\Sudoku\db-derby-10.14.2.0-bin
os.name=Windows 11
os.arch=amd64
os.version=10.0
derby.system.home=C:\Users\piter\Desktop\Git_repos\Sudoku\DB
Database Class Loader started - derby.database.classpath=''
----------------------------------------------------------------
Wed Jan 29 23:37:36 CET 2025:
Booting Derby version The Apache Software Foundation - Apache Derby - 10.14.2.0 - (1828579): instance c99d403a-0194-b432-d088-ffff992e9aae 
on database directory C:\Users\piter\Desktop\Git_repos\Sudoku\DB\lab with class loader jdk.internal.loader.ClassLoaders$AppClassLoader@33909752 
Loaded from file:/C:/Users/piter/Desktop/Git_repos/Sudoku/db-derby-10.14.2.0-bin/lib/derby.jar
java.vendor=Oracle Corporation
java.runtime.version=21.0.4+8-LTS-274
user.dir=C:\Users\piter\Desktop\Git_repos\Sudoku\db-derby-10.14.2.0-bin
os.name=Windows 11
os.arch=amd64
os.version=10.0
derby.system.home=C:\Users\piter\Desktop\Git_repos\Sudoku\DB
Database Class Loader started - derby.database.classpath=''
----------------------------------------------------------------
Thu Jan 30 00:29:39 CET 2025: Shutting down Derby engine
----------------------------------------------------------------
Thu Jan 30 00:29:39 CET 2025:
Shutting down instance c99d403a-0194-b432-d088-ffff992e9aae on database directory C:\Users\piter\Desktop\Git_repos\Sudoku\DB\lab with class loader jdk.internal.loader.ClassLoaders$AppClassLoader@33909752 
----------------------------------------------------------------
Thu Jan 30 00:29:39 CET 2025:
Shutting down instance e0b94027-0194-b432-d088-ffff992e9aae on database directory C:\Users\piter\Desktop\Git_repos\Sudoku\DB\Sudoku with class loader jdk.internal.loader.ClassLoaders$AppClassLoader@33909752 
----------------------------------------------------------------
Thu Jan 30 00:29:39 CET 2025:
Shutting down instance a816c00e-0194-b432-d088-ffff992e9aae on database directory C:\Users\piter\Desktop\Git_repos\Sudoku\DB\sample with class loader jdk.internal.loader.ClassLoaders$AppClassLoader@33909752 
----------------------------------------------------------------
